TN:
SF:src/app/shared/address-lookuper.service.ts
FN:9,(anonymous_0)
FN:11,(anonymous_1)
FN:21,(anonymous_2)
FNF:3
FNH:3
FNDA:6,(anonymous_0)
FNDA:6,(anonymous_1)
FNDA:4,(anonymous_2)
DA:1,1
DA:4,1
DA:6,1
DA:8,1
DA:9,6
DA:12,6
DA:13,6
DA:14,1
DA:17,5
DA:21,4
LF:10
LH:10
BRDA:13,0,0,1
BRDA:13,0,1,5
BRF:2
BRH:2
end_of_record
TN:
SF:src/app/shared/nominatim-interceptor.ts
FN:10,(anonymous_0)
FNF:1
FNH:1
FNDA:2,(anonymous_0)
DA:1,1
DA:9,1
DA:11,2
DA:12,1
DA:15,1
LF:5
LH:5
BRDA:11,0,0,1
BRDA:11,0,1,1
BRF:2
BRH:2
end_of_record
TN:
SF:src/app/shared/parse-address.ts
FN:3,parseAddress
FNF:1
FNH:1
FNDA:8,parseAddress
DA:3,2
DA:4,8
DA:5,8
DA:7,8
DA:8,2
DA:9,2
DA:10,6
DA:11,5
DA:12,5
DA:14,1
LF:10
LH:10
BRDA:7,0,0,2
BRDA:7,0,1,6
BRDA:10,1,0,5
BRDA:10,1,1,1
BRF:4
BRH:4
end_of_record
